2020-05-12T17:45:44.605520+09:00 0 [System] [MY-013169] [Server] /usr/sbin/mysqld (mysqld 8.0.20) initializing of server in progress as process 43
2020-05-12T17:45:44.615546+09:00 1 [System] [MY-013576] [InnoDB] InnoDB initialization has started.
2020-05-12T17:45:45.375434+09:00 1 [System] [MY-013577] [InnoDB] InnoDB initialization has ended.
2020-05-12T17:45:46.587358+09:00 6 [Warning] [MY-010453] [Server] root@localhost is created with an empty password ! Please consider switching off the --initialize-insecure option.
2020-05-12T17:45:53.166472+09:00 0 [Warning] [MY-010101] [Server] Insecure configuration for --secure-file-priv: Location is accessible to all OS users. Consider choosing a different directory.
2020-05-12T17:45:53.166531+09:00 0 [System] [MY-010116] [Server] /usr/sbin/mysqld (mysqld 8.0.20) starting as process 90
2020-05-12T17:45:53.185772+09:00 1 [System] [MY-013576] [InnoDB] InnoDB initialization has started.
2020-05-12T17:45:53.403923+09:00 1 [System] [MY-013577] [InnoDB] InnoDB initialization has ended.
2020-05-12T17:45:53.483847+09:00 0 [System] [MY-011323] [Server] X Plugin ready for connections. Socket: '/var/run/mysqld/mysqlx.sock'
2020-05-12T17:45:53.589037+09:00 0 [Warning] [MY-010068] [Server] CA certificate ca.pem is self signed.
2020-05-12T17:45:53.604541+09:00 0 [System] [MY-010931] [Server] /usr/sbin/mysqld: ready for connections. Version: '8.0.20'  socket: '/var/run/mysqld/mysqld.sock'  port: 0  MySQL Community Server - GPL.
2020-05-12T17:45:59.008502+09:00 14 [System] [MY-013172] [Server] Received SHUTDOWN from user root. Shutting down mysqld (Version: 8.0.20).
2020-05-12T17:46:01.162307+09:00 0 [System] [MY-010910] [Server] /usr/sbin/mysqld: Shutdown complete (mysqld 8.0.20)  MySQL Community Server - GPL.
2020-05-12T17:46:02.244854+09:00 0 [Warning] [MY-010101] [Server] Insecure configuration for --secure-file-priv: Location is accessible to all OS users. Consider choosing a different directory.
2020-05-12T17:46:02.244905+09:00 0 [System] [MY-010116] [Server] /usr/sbin/mysqld (mysqld 8.0.20) starting as process 1
2020-05-12T17:46:02.258715+09:00 1 [System] [MY-013576] [InnoDB] InnoDB initialization has started.
2020-05-12T17:46:02.535936+09:00 1 [System] [MY-013577] [InnoDB] InnoDB initialization has ended.
2020-05-12T17:46:02.615624+09:00 0 [System] [MY-011323] [Server] X Plugin ready for connections. Socket: '/var/run/mysqld/mysqlx.sock' bind-address: '::' port: 33060
2020-05-12T17:46:02.684902+09:00 0 [Warning] [MY-010068] [Server] CA certificate ca.pem is self signed.
2020-05-12T17:46:02.701251+09:00 0 [System] [MY-010931] [Server] /usr/sbin/mysqld: ready for connections. Version: '8.0.20'  socket: '/var/run/mysqld/mysqld.sock'  port: 3306  MySQL Community Server - GPL.
2020-05-12T19:10:56.260271+09:00 0 [System] [MY-010910] [Server] /usr/sbin/mysqld: Shutdown complete (mysqld 8.0.20)  MySQL Community Server - GPL.
2020-05-13T00:18:29.240321+09:00 0 [System] [MY-013169] [Server] /usr/sbin/mysqld (mysqld 8.0.20) initializing of server in progress as process 42
2020-05-13T00:18:29.928770+09:00 1 [System] [MY-013576] [InnoDB] InnoDB initialization has started.
2020-05-13T00:18:30.712420+09:00 1 [System] [MY-013577] [InnoDB] InnoDB initialization has ended.
2020-05-13T00:18:32.063406+09:00 6 [Warning] [MY-010453] [Server] root@localhost is created with an empty password ! Please consider switching off the --initialize-insecure option.
2020-05-13T00:18:38.631831+09:00 0 [Warning] [MY-010101] [Server] Insecure configuration for --secure-file-priv: Location is accessible to all OS users. Consider choosing a different directory.
2020-05-13T00:18:38.631882+09:00 0 [System] [MY-010116] [Server] /usr/sbin/mysqld (mysqld 8.0.20) starting as process 89
2020-05-13T00:18:38.651054+09:00 1 [System] [MY-013576] [InnoDB] InnoDB initialization has started.
2020-05-13T00:18:38.856072+09:00 1 [System] [MY-013577] [InnoDB] InnoDB initialization has ended.
2020-05-13T00:18:38.937058+09:00 0 [System] [MY-011323] [Server] X Plugin ready for connections. Socket: '/var/run/mysqld/mysqlx.sock'
2020-05-13T00:18:39.035193+09:00 0 [Warning] [MY-010068] [Server] CA certificate ca.pem is self signed.
2020-05-13T00:18:39.050497+09:00 0 [System] [MY-010931] [Server] /usr/sbin/mysqld: ready for connections. Version: '8.0.20'  socket: '/var/run/mysqld/mysqld.sock'  port: 0  MySQL Community Server - GPL.
2020-05-13T00:18:44.303318+09:00 14 [System] [MY-013172] [Server] Received SHUTDOWN from user root. Shutting down mysqld (Version: 8.0.20).
2020-05-13T00:18:46.722553+09:00 0 [System] [MY-010910] [Server] /usr/sbin/mysqld: Shutdown complete (mysqld 8.0.20)  MySQL Community Server - GPL.
2020-05-13T00:18:47.531776+09:00 0 [Warning] [MY-010101] [Server] Insecure configuration for --secure-file-priv: Location is accessible to all OS users. Consider choosing a different directory.
2020-05-13T00:18:47.531829+09:00 0 [System] [MY-010116] [Server] /usr/sbin/mysqld (mysqld 8.0.20) starting as process 1
2020-05-13T00:18:47.544432+09:00 1 [System] [MY-013576] [InnoDB] InnoDB initialization has started.
2020-05-13T00:18:47.786789+09:00 1 [System] [MY-013577] [InnoDB] InnoDB initialization has ended.
2020-05-13T00:18:47.866594+09:00 0 [System] [MY-011323] [Server] X Plugin ready for connections. Socket: '/var/run/mysqld/mysqlx.sock' bind-address: '::' port: 33060
2020-05-13T00:18:47.931880+09:00 0 [Warning] [MY-010068] [Server] CA certificate ca.pem is self signed.
2020-05-13T00:18:47.948162+09:00 0 [System] [MY-010931] [Server] /usr/sbin/mysqld: ready for connections. Version: '8.0.20'  socket: '/var/run/mysqld/mysqld.sock'  port: 3306  MySQL Community Server - GPL.
